Arguments: 
  /home/hamdan/.nvm/versions/node/v7.10.0/bin/node /usr/share/yarn/bin/yarn.js add dotenv

PATH: 
  /home/hamdan/.nvm/versions/node/v7.10.0/bin:/home/hamdan/app/golang/src/github.com/hamdan/bin:/home/hamdan/app/golang/src/github.com/hamdan/bin:/usr/local/sbin:/usr/local/bin:/usr/sbin:/usr/bin:/sbin:/bin:/usr/games:/usr/local/games:/snap/bin:/usr/lib/jvm/java-8-oracle/bin:/usr/lib/jvm/java-8-oracle/db/bin:/usr/lib/jvm/java-8-oracle/jre/bin:/usr/local/go/bin:/home/hamdan/Android/Sdk/tools:/home/hamdan/Android/Sdk/platform-tools:/snap/bin:/usr/lib/jvm/java-8-oracle/bin:/usr/lib/jvm/java-8-oracle/db/bin:/usr/lib/jvm/java-8-oracle/jre/bin:/home/hamdan/Android/Sdk/tools:/home/hamdan/Android/Sdk/platform-tools:/usr/local/go/bin:/home/hamdan/Android/Sdk/tools:/home/hamdan/Android/Sdk/platform-tools:/home/hamdan/Android/Sdk/tools:/home/hamdan/Android/Sdk/platform-tools

Yarn version: 
  0.27.5

Node version: 
  7.10.0

Platform: 
  linux x64

npm manifest: 
  {
    "private": true,
    "scripts": {
      "dev": "npm run development",
      "development": "cross-env NODE_ENV=development node_modules/webpack/bin/webpack.js --progress --hide-modules --config=node_modules/laravel-mix/setup/webpack.config.js",
      "watch": "cross-env NODE_ENV=development node_modules/webpack/bin/webpack.js --watch --progress --hide-modules --config=node_modules/laravel-mix/setup/webpack.config.js",
      "watch-poll": "npm run watch -- --watch-poll",
      "hot": "cross-env NODE_ENV=development node_modules/webpack-dev-server/bin/webpack-dev-server.js --inline --hot --config=node_modules/laravel-mix/setup/webpack.config.js",
      "prod": "npm run production",
      "production": "cross-env NODE_ENV=production node_modules/webpack/bin/webpack.js --progress --hide-modules --config=node_modules/laravel-mix/setup/webpack.config.js"
    },
    "devDependencies": {
      "axios": "^0.15.3",
      "bootstrap-sass": "^3.3.7",
      "cross-env": "^3.2.3",
      "jquery": "^3.1.1",
      "laravel-mix": "0.*",
      "lodash": "^4.17.4",
      "vue": "^2.1.10"
    }
  }

yarn manifest: 
  No manifest

Lockfile: 
  No lockfile

Trace: 
  Error: https://registry.yarnpkg.com/axios: ETIMEDOUT
      at Timeout._onTimeout (/usr/share/yarn/lib/yarn-cli.js:114906:19)
      at ontimeout (timers.js:386:14)
      at tryOnTimeout (timers.js:250:5)
      at Timer.listOnTimeout (timers.js:214:5)
